<?xml version="1.0" encoding="utf-8"?><testsuites name="pytest tests"><testsuite name="pytest" errors="0" failures="0" skipped="0" tests="15" time="3.968" timestamp="2026-09-16T01:53:00.016139+00:00" hostname="agent-env-24bb9bca-807e-4e7f-909b-ad425868660c"><testcase classname="tests.test_licensing.TestAdminAuth" name="test_admin_requires_token" time="0.219" /><testcase classname="tests.test_licensing.TestAdminAuth" name="test_admin_wrong_token" time="0.170" /><testcase classname="tests.test_licensing.TestRenewAutoRenew" name="test_renew_days_variants" time="1.079" /><testcase classname="tests.test_licensing.TestKeyCreateList" name="test_create_with_email_returns_email_sent" time="0.325" /><testcase classname="tests.test_licensing.TestKeyCreateList" name="test_list_contains_key_with_fields" time="0.138" /><testcase classname="tests.test_licensing.TestActivateValidate" name="test_activate_ok_and_cap_exceeded" time="0.713" /><testcase classname="tests.test_licensing.TestRenewAutoRenew" name="test_auto_renew_toggle" time="0.412" /><testcase classname="tests.test_licensing.TestRenewAutoRenew" name="test_revoke_toggle_and_reflected_in_validate" time="0.795" /><testcase classname="tests.test_licensing.TestActivateValidate" name="test_activate_unknown_key" time="0.099" /><testcase classname="tests.test_licensing.TestPublicStatus" name="test_status_unknown" time="0.124" /><testcase classname="tests.test_licensing.TestPublicStatus" name="test_status_returns_summary" time="0.164" /><testcase classname="tests.test_licensing.TestRoot" name="test_root" time="0.117" /><testcase classname="tests.test_licensing.TestDelete" name="test_delete_key" time="0.523" /><testcase classname="tests.test_licensing.TestSettingsAndExpiryCheck" name="test_settings_persist" time="0.919" /><testcase classname="tests.test_licensing.TestSettingsAndExpiryCheck" name="test_run_expiry_check" time="0.277" /></testsuite></testsuites>