<?xml version="1.0" encoding="utf-8"?><testsuites name="pytest tests"><testsuite name="pytest" errors="0" failures="0" skipped="0" tests="17" time="6.431" timestamp="2026-09-16T12:44:28.977428+00:00" hostname="agent-env-24bb9bca-807e-4e7f-909b-ad425868660c"><testcase classname="tests.test_licensing.TestAdminAuth" name="test_admin_requires_token" time="0.365" /><testcase classname="tests.test_licensing.TestAdminAuth" name="test_admin_wrong_token" time="0.153" /><testcase classname="tests.test_licensing.TestRenewAutoRenew" name="test_renew_days_variants" time="1.184" /><testcase classname="tests.test_licensing.TestKeyCreateList" name="test_create_with_email_returns_email_sent" time="0.423" /><testcase classname="tests.test_licensing.TestKeyCreateList" name="test_list_contains_key_with_fields" time="0.163" /><testcase classname="tests.test_licensing.TestActivateValidate" name="test_activate_ok_and_cap_exceeded" time="0.808" /><testcase classname="tests.test_licensing.TestRenewAutoRenew" name="test_auto_renew_toggle" time="0.522" /><testcase classname="tests.test_licensing.TestRenewAutoRenew" name="test_revoke_toggle_and_reflected_in_validate" time="0.970" /><testcase classname="tests.test_licensing.TestActivateValidate" name="test_activate_unknown_key" time="0.142" /><testcase classname="tests.test_licensing.TestPublicStatus" name="test_status_unknown" time="0.138" /><testcase classname="tests.test_licensing.TestPublicStatus" name="test_status_returns_summary" time="0.179" /><testcase classname="tests.test_licensing.TestRoot" name="test_root" time="0.139" /><testcase classname="tests.test_licensing.TestDelete" name="test_delete_key" time="0.503" /><testcase classname="tests.test_licensing.TestSettingsAndExpiryCheck" name="test_settings_persist" time="1.023" /><testcase classname="tests.test_licensing.TestInsertBeforeEmailOrdering" name="test_key_appears_immediately_after_create" time="0.765" /><testcase classname="tests.test_licensing.TestSettingsAndExpiryCheck" name="test_run_expiry_check" time="0.537" /><testcase classname="tests.test_licensing.TestNoDoubleAutoRenew" name="test_auto_renew_runs_once" time="2.151" /></testsuite></testsuites>